# JRE version: OpenJDK Runtime Environment (11.0.5+10) (build 11.0.5+10)
# Java VM: OpenJDK 64-Bit Server VM (11.0.5+10, mixed mode, tiered, compressed oops, g1 gc, linux-amd64)
Heap:
 garbage-first heap   total 310272K, used 100105K [0x0000000708200000, 0x0000000800000000)
  region size 1024K, 12 young (12288K), 1 survivors (1024K)
 Metaspace       used 47742K, capacity 48418K, committed 50040K, reserved 1093632K
  class space    used 5129K, capacity 5380K, committed 5752K, reserved 1048576K
GC Heap History (20 events):
Event: 21715.804 GC heap before
{Heap before GC invocations=56 (full 0):
 garbage-first heap   total 310272K, used 267552K [0x0000000708200000, 0x0000000800000000)
  region size 1024K, 181 young (185344K), 6 survivors (6144K)
 Metaspace       used 47741K, capacity 48418K, committed 50040K, reserved 1093632K
  class space    used 5129K, capacity 5380K, committed 5752K, reserved 1048576K
}
Event: 21715.818 GC heap after
{Heap after GC invocations=57 (full 0):
 garbage-first heap   total 310272K, used 89350K [0x0000000708200000, 0x0000000800000000)
  region size 1024K, 3 young (3072K), 3 survivors (3072K)
 Metaspace       used 47741K, capacity 48418K, committed 50040K, reserved 1093632K
  class space    used 5129K, capacity 5380K, committed 5752K, reserved 1048576K
}
Event: 21731.853 GC heap before
{Heap before GC invocations=57 (full 0):
 garbage-first heap   total 310272K, used 270598K [0x0000000708200000, 0x0000000800000000)
  region size 1024K, 181 young (185344K), 3 survivors (3072K)
 Metaspace       used 47741K, capacity 48418K, committed 50040K, reserved 1093632K
  class space    used 5129K, capacity 5380K, committed 5752K, reserved 1048576K
}
Event: 21731.855 GC heap after
{Heap after GC invocations=58 (full 0):
 garbage-first heap   total 310272K, used 89435K [0x0000000708200000, 0x0000000800000000)
  region size 1024K, 1 young (1024K), 1 survivors (1024K)
 Metaspace       used 47741K, capacity 48418K, committed 50040K, reserved 1093632K
  class space    used 5129K, capacity 5380K, committed 5752K, reserved 1048576K
}
Event: 21747.534 GC heap before
{Heap before GC invocations=58 (full 0):
 garbage-first heap   total 310272K, used 272731K [0x0000000708200000, 0x0000000800000000)
  region size 1024K, 181 young (185344K), 1 survivors (1024K)
 Metaspace       used 47741K, capacity 48418K, committed 50040K, reserved 1093632K
  class space    used 5129K, capacity 5380K, committed 5752K, reserved 1048576K
}
Event: 21747.536 GC heap after
{Heap after GC invocations=59 (full 0):
 garbage-first heap   total 310272K, used 89443K [0x0000000708200000, 0x0000000800000000)
  region size 1024K, 1 young (1024K), 1 survivors (1024K)
 Metaspace       used 47741K, capacity 48418K, committed 50040K, reserved 1093632K
  class space    used 5129K, capacity 5380K, committed 5752K, reserved 1048576K
}
Event: 21762.618 GC heap before
{Heap before GC invocations=59 (full 0):
 garbage-first heap   total 310272K, used 271715K [0x0000000708200000, 0x0000000800000000)
  region size 1024K, 180 young (184320K), 1 survivors (1024K)
 Metaspace       used 47741K, capacity 48418K, committed 50040K, reserved 1093632K
  class space    used 5129K, capacity 5380K, committed 5752K, reserved 1048576K
}
Event: 21762.620 GC heap after
{Heap after GC invocations=60 (full 0):
 garbage-first heap   total 310272K, used 89524K [0x0000000708200000, 0x0000000800000000)
  region size 1024K, 1 young (1024K), 1 survivors (1024K)
 Metaspace       used 47741K, capacity 48418K, committed 50040K, reserved 1093632K
  class space    used 5129K, capacity 5380K, committed 5752K, reserved 1048576K
}
Event: 21777.354 GC heap before
{Heap before GC invocations=60 (full 0):
 garbage-first heap   total 310272K, used 272820K [0x0000000708200000, 0x0000000800000000)
  region size 1024K, 181 young (185344K), 1 survivors (1024K)
 Metaspace       used 47741K, capacity 48418K, committed 50040K, reserved 1093632K
  class space    used 5129K, capacity 5380K, committed 5752K, reserved 1048576K
}
Event: 21777.356 GC heap after
{Heap after GC invocations=61 (full 0):
 garbage-first heap   total 310272K, used 89552K [0x0000000708200000, 0x0000000800000000)
  region size 1024K, 1 young (1024K), 1 survivors (1024K)
 Metaspace       used 47741K, capacity 48418K, committed 50040K, reserved 1093632K
  class space    used 5129K, capacity 5380K, committed 5752K, reserved 1048576K
}
Event: 21791.551 GC heap before
{Heap before GC invocations=61 (full 0):
 garbage-first heap   total 310272K, used 271824K [0x0000000708200000, 0x0000000800000000)
  region size 1024K, 180 young (184320K), 1 survivors (1024K)
 Metaspace       used 47741K, capacity 48418K, committed 50040K, reserved 1093632K
  class space    used 5129K, capacity 5380K, committed 5752K, reserved 1048576K
}
Event: 21791.553 GC heap after
{Heap after GC invocations=62 (full 0):
 garbage-first heap   total 310272K, used 89575K [0x0000000708200000, 0x0000000800000000)
  region size 1024K, 1 young (1024K), 1 survivors (1024K)
 Metaspace       used 47741K, capacity 48418K, committed 50040K, reserved 1093632K
  class space    used 5129K, capacity 5380K, committed 5752K, reserved 1048576K
}
Event: 21805.466 GC heap before
{Heap before GC invocations=62 (full 0):
 garbage-first heap   total 310272K, used 272871K [0x0000000708200000, 0x0000000800000000)
  region size 1024K, 181 young (185344K), 1 survivors (1024K)
 Metaspace       used 47741K, capacity 48418K, committed 50040K, reserved 1093632K
  class space    used 5129K, capacity 5380K, committed 5752K, reserved 1048576K
}
Event: 21805.467 GC heap after
{Heap after GC invocations=63 (full 0):
 garbage-first heap   total 310272K, used 89626K [0x0000000708200000, 0x0000000800000000)
  region size 1024K, 1 young (1024K), 1 survivors (1024K)
 Metaspace       used 47741K, capacity 48418K, committed 50040K, reserved 1093632K
  class space    used 5129K, capacity 5380K, committed 5752K, reserved 1048576K
}
Event: 22067.647 GC heap before
{Heap before GC invocations=63 (full 0):
 garbage-first heap   total 310272K, used 272922K [0x0000000708200000, 0x0000000800000000)
  region size 1024K, 181 young (185344K), 1 survivors (1024K)
 Metaspace       used 47742K, capacity 48418K, committed 50040K, reserved 1093632K
  class space    used 5129K, capacity 5380K, committed 5752K, reserved 1048576K
}
Event: 22067.649 GC heap after
{Heap after GC invocations=64 (full 0):
 garbage-first heap   total 310272K, used 89850K [0x0000000708200000, 0x0000000800000000)
  region size 1024K, 1 young (1024K), 1 survivors (1024K)
 Metaspace       used 47742K, capacity 48418K, committed 50040K, reserved 1093632K
  class space    used 5129K, capacity 5380K, committed 5752K, reserved 1048576K
}
Event: 22614.820 GC heap before
{Heap before GC invocations=64 (full 0):
 garbage-first heap   total 310272K, used 274170K [0x0000000708200000, 0x0000000800000000)
  region size 1024K, 181 young (185344K), 1 survivors (1024K)
 Metaspace       used 47742K, capacity 48418K, committed 50040K, reserved 1093632K
  class space    used 5129K, capacity 5380K, committed 5752K, reserved 1048576K
}
Event: 22614.822 GC heap after
{Heap after GC invocations=65 (full 0):
 garbage-first heap   total 310272K, used 89848K [0x0000000708200000, 0x0000000800000000)
  region size 1024K, 1 young (1024K), 1 survivors (1024K)
 Metaspace       used 47742K, capacity 48418K, committed 50040K, reserved 1093632K
  class space    used 5129K, capacity 5380K, committed 5752K, reserved 1048576K
}
Event: 23164.749 GC heap before
{Heap before GC invocations=65 (full 0):
 garbage-first heap   total 310272K, used 274168K [0x0000000708200000, 0x0000000800000000)
  region size 1024K, 181 young (185344K), 1 survivors (1024K)
 Metaspace       used 47742K, capacity 48418K, committed 50040K, reserved 1093632K
  class space    used 5129K, capacity 5380K, committed 5752K, reserved 1048576K
}
Event: 23164.751 GC heap after
{Heap after GC invocations=66 (full 0):
 garbage-first heap   total 310272K, used 89865K [0x0000000708200000, 0x0000000800000000)
  region size 1024K, 1 young (1024K), 1 survivors (1024K)
 Metaspace       used 47742K, capacity 48418K, committed 50040K, reserved 1093632K
  class space    used 5129K, capacity 5380K, committed 5752K, reserved 1048576K
}

